Arguments: 
  /Users/gxl/.nvm/versions/node/v17.9.1/bin/node /usr/local/bin/yarn add boostrap4

PATH: 
  /Users/gxl/.rvm/gems/ruby-3.2.1/bin:/Users/gxl/.rvm/gems/ruby-3.2.1@global/bin:/Users/gxl/.rvm/rubies/ruby-3.2.1/bin:/Users/gxl/.rvm/bin:/Users/gxl/.nvm/versions/node/v17.9.1/bin:/usr/local/opt/zplug/bin:/opt/homebrew/bin:/usr/local/bin:/System/Cryptexes/App/usr/bin:/usr/bin:/bin:/usr/sbin:/sbin:/Applications/VMware Fusion.app/Contents/Public:/usr/local/go/bin:/Users/gxl/Library/Application Support/JetBrains/Toolbox/scripts:/Users/gxl/.yarn/bin

Yarn version: 
  1.22.19

Node version: 
  17.9.1

Platform: 
  darwin x64

Trace: 
  Error: https://registry.npm.taobao.org/boostrap4: Not found
      at Request.params.callback [as _callback] (/usr/local/lib/node_modules/yarn/lib/cli.js:66145:18)
      at Request.self.callback (/usr/local/lib/node_modules/yarn/lib/cli.js:140890:22)
      at Request.emit (node:events:527:28)
      at Request.<anonymous> (/usr/local/lib/node_modules/yarn/lib/cli.js:141862:10)
      at Request.emit (node:events:527:28)
      at IncomingMessage.<anonymous> (/usr/local/lib/node_modules/yarn/lib/cli.js:141784:12)
      at Object.onceWrapper (node:events:641:28)
      at IncomingMessage.emit (node:events:539:35)
      at endReadableNT (node:internal/streams/readable:1345:12)
      at processTicksAndRejections (node:internal/process/task_queues:83:21)

npm manifest: 
  No manifest

yarn manifest: 
  No manifest

Lockfile: 
  No lockfile
